<?xml version="1.0" encoding="UTF-8"?>
<testsuite xmlns:xsi="http://www.w3.org/2001/XMLSchema-instance" xsi:noNamespaceSchemaLocation="https://maven.apache.org/surefire/maven-surefire-plugin/xsd/surefire-test-report.xsd" name="TestSuite" time="59.183" tests="6" errors="0" skipped="0" failures="0">
  <properties>
    <property name="java.specification.version" value="18"/>
    <property name="sun.jnu.encoding" value="UTF-8"/>
    <property name="java.class.path" value="/Users/menashbouhadana/.m2/repository/org/apache/maven/surefire/surefire-booter/2.22.1/surefire-booter-2.22.1.jar:/Users/menashbouhadana/.m2/repository/org/apache/maven/surefire/surefire-api/2.22.1/surefire-api-2.22.1.jar:/Users/menashbouhadana/.m2/repository/org/apache/maven/surefire/surefire-logger-api/2.22.1/surefire-logger-api-2.22.1.jar:/Users/menashbouhadana/IdeaProjects/BaseForProjectGmar/target/test-classes:/Users/menashbouhadana/IdeaProjects/BaseForProjectGmar/target/classes:/Users/menashbouhadana/.m2/repository/junit/junit/4.13.2/junit-4.13.2.jar:/Users/menashbouhadana/.m2/repository/org/hamcrest/hamcrest-core/1.3/hamcrest-core-1.3.jar:/Users/menashbouhadana/.m2/repository/org/testng/testng/7.6.1/testng-7.6.1.jar:/Users/menashbouhadana/.m2/repository/com/google/code/findbugs/jsr305/3.0.2/jsr305-3.0.2.jar:/Users/menashbouhadana/.m2/repository/org/slf4j/slf4j-api/1.7.36/slf4j-api-1.7.36.jar:/Users/menashbouhadana/.m2/repository/com/beust/jcommander/1.82/jcommander-1.82.jar:/Users/menashbouhadana/.m2/repository/org/webjars/jquery/3.6.0/jquery-3.6.0.jar:/Users/menashbouhadana/.m2/repository/org/seleniumhq/selenium/selenium-java/4.4.0/selenium-java-4.4.0.jar:/Users/menashbouhadana/.m2/repository/org/seleniumhq/selenium/selenium-api/4.4.0/selenium-api-4.4.0.jar:/Users/menashbouhadana/.m2/repository/org/seleniumhq/selenium/selenium-chrome-driver/4.4.0/selenium-chrome-driver-4.4.0.jar:/Users/menashbouhadana/.m2/repository/com/google/auto/service/auto-service-annotations/1.0.1/auto-service-annotations-1.0.1.jar:/Users/menashbouhadana/.m2/repository/com/google/auto/service/auto-service/1.0.1/auto-service-1.0.1.jar:/Users/menashbouhadana/.m2/repository/com/google/auto/auto-common/1.2/auto-common-1.2.jar:/Users/menashbouhadana/.m2/repository/com/google/guava/guava/31.1-jre/guava-31.1-jre.jar:/Users/menashbouhadana/.m2/repository/com/google/guava/failureaccess/1.0.1/failureaccess-1.0.1.jar:/Users/menashbouhadana/.m2/repository/com/google/guava/listenablefuture/9999.0-empty-to-avoid-conflict-with-guava/listenablefuture-9999.0-empty-to-avoid-conflict-with-guava.jar:/Users/menashbouhadana/.m2/repository/org/checkerframework/checker-qual/3.12.0/checker-qual-3.12.0.jar:/Users/menashbouhadana/.m2/repository/com/google/errorprone/error_prone_annotations/2.11.0/error_prone_annotations-2.11.0.jar:/Users/menashbouhadana/.m2/repository/com/google/j2objc/j2objc-annotations/1.3/j2objc-annotations-1.3.jar:/Users/menashbouhadana/.m2/repository/org/seleniumhq/selenium/selenium-chromium-driver/4.4.0/selenium-chromium-driver-4.4.0.jar:/Users/menashbouhadana/.m2/repository/org/seleniumhq/selenium/selenium-json/4.4.0/selenium-json-4.4.0.jar:/Users/menashbouhadana/.m2/repository/org/seleniumhq/selenium/selenium-devtools-v102/4.4.0/selenium-devtools-v102-4.4.0.jar:/Users/menashbouhadana/.m2/repository/org/seleniumhq/selenium/selenium-devtools-v103/4.4.0/selenium-devtools-v103-4.4.0.jar:/Users/menashbouhadana/.m2/repository/org/seleniumhq/selenium/selenium-devtools-v104/4.4.0/selenium-devtools-v104-4.4.0.jar:/Users/menashbouhadana/.m2/repository/org/seleniumhq/selenium/selenium-devtools-v85/4.4.0/selenium-devtools-v85-4.4.0.jar:/Users/menashbouhadana/.m2/repository/org/seleniumhq/selenium/selenium-edge-driver/4.4.0/selenium-edge-driver-4.4.0.jar:/Users/menashbouhadana/.m2/repository/org/seleniumhq/selenium/selenium-firefox-driver/4.4.0/selenium-firefox-driver-4.4.0.jar:/Users/menashbouhadana/.m2/repository/org/seleniumhq/selenium/selenium-ie-driver/4.4.0/selenium-ie-driver-4.4.0.jar:/Users/menashbouhadana/.m2/repository/org/seleniumhq/selenium/selenium-opera-driver/4.4.0/selenium-opera-driver-4.4.0.jar:/Users/menashbouhadana/.m2/repository/org/seleniumhq/selenium/selenium-remote-driver/4.4.0/selenium-remote-driver-4.4.0.jar:/Users/menashbouhadana/.m2/repository/io/netty/netty-buffer/4.1.78.Final/netty-buffer-4.1.78.Final.jar:/Users/menashbouhadana/.m2/repository/io/netty/netty-codec-http/4.1.78.Final/netty-codec-http-4.1.78.Final.jar:/Users/menashbouhadana/.m2/repository/io/netty/netty-codec/4.1.78.Final/netty-codec-4.1.78.Final.jar:/Users/menashbouhadana/.m2/repository/io/netty/netty-handler/4.1.78.Final/netty-handler-4.1.78.Final.jar:/Users/menashbouhadana/.m2/repository/io/netty/netty-common/4.1.78.Final/netty-common-4.1.78.Final.jar:/Users/menashbouhadana/.m2/repository/io/netty/netty-transport-classes-epoll/4.1.78.Final/netty-transport-classes-epoll-4.1.78.Final.jar:/Users/menashbouhadana/.m2/repository/io/netty/netty-transport-classes-kqueue/4.1.78.Final/netty-transport-classes-kqueue-4.1.78.Final.jar:/Users/menashbouhadana/.m2/repository/io/netty/netty-transport-native-epoll/4.1.78.Final/netty-transport-native-epoll-4.1.78.Final.jar:/Users/menashbouhadana/.m2/repository/io/netty/netty-transport-native-kqueue/4.1.78.Final/netty-transport-native-kqueue-4.1.78.Final.jar:/Users/menashbouhadana/.m2/repository/io/netty/netty-transport-native-unix-common/4.1.78.Final/netty-transport-native-unix-common-4.1.78.Final.jar:/Users/menashbouhadana/.m2/repository/io/netty/netty-transport/4.1.78.Final/netty-transport-4.1.78.Final.jar:/Users/menashbouhadana/.m2/repository/io/netty/netty-resolver/4.1.78.Final/netty-resolver-4.1.78.Final.jar:/Users/menashbouhadana/.m2/repository/io/opentelemetry/opentelemetry-api/1.16.0/opentelemetry-api-1.16.0.jar:/Users/menashbouhadana/.m2/repository/io/opentelemetry/opentelemetry-context/1.16.0/opentelemetry-context-1.16.0.jar:/Users/menashbouhadana/.m2/repository/io/opentelemetry/opentelemetry-exporter-logging/1.16.0/opentelemetry-exporter-logging-1.16.0.jar:/Users/menashbouhadana/.m2/repository/io/opentelemetry/opentelemetry-sdk-metrics/1.16.0/opentelemetry-sdk-metrics-1.16.0.jar:/Users/menashbouhadana/.m2/repository/io/opentelemetry/opentelemetry-sdk-logs/1.16.0-alpha/opentelemetry-sdk-logs-1.16.0-alpha.jar:/Users/menashbouhadana/.m2/repository/io/opentelemetry/opentelemetry-sdk-common/1.16.0/opentelemetry-sdk-common-1.16.0.jar:/Users/menashbouhadana/.m2/repository/io/opentelemetry/opentelemetry-sdk-extension-autoconfigure-spi/1.16.0/opentelemetry-sdk-extension-autoconfigure-spi-1.16.0.jar:/Users/menashbouhadana/.m2/repository/io/opentelemetry/opentelemetry-sdk-extension-autoconfigure/1.16.0-alpha/opentelemetry-sdk-extension-autoconfigure-1.16.0-alpha.jar:/Users/menashbouhadana/.m2/repository/io/opentelemetry/opentelemetry-sdk-trace/1.16.0/opentelemetry-sdk-trace-1.16.0.jar:/Users/menashbouhadana/.m2/repository/io/opentelemetry/opentelemetry-sdk/1.16.0/opentelemetry-sdk-1.16.0.jar:/Users/menashbouhadana/.m2/repository/io/opentelemetry/opentelemetry-semconv/1.16.0-alpha/opentelemetry-semconv-1.16.0-alpha.jar:/Users/menashbouhadana/.m2/repository/io/ous/jtoml/2.0.0/jtoml-2.0.0.jar:/Users/menashbouhadana/.m2/repository/net/bytebuddy/byte-buddy/1.12.10/byte-buddy-1.12.10.jar:/Users/menashbouhadana/.m2/repository/org/asynchttpclient/async-http-client/2.12.3/async-http-client-2.12.3.jar:/Users/menashbouhadana/.m2/repository/org/asynchttpclient/async-http-client-netty-utils/2.12.3/async-http-client-netty-utils-2.12.3.jar:/Users/menashbouhadana/.m2/repository/io/netty/netty-codec-socks/4.1.60.Final/netty-codec-socks-4.1.60.Final.jar:/Users/menashbouhadana/.m2/repository/io/netty/netty-handler-proxy/4.1.60.Final/netty-handler-proxy-4.1.60.Final.jar:/Users/menashbouhadana/.m2/repository/io/netty/netty-transport-native-epoll/4.1.60.Final/netty-transport-native-epoll-4.1.60.Final-linux-x86_64.jar:/Users/menashbouhadana/.m2/repository/io/netty/netty-transport-native-kqueue/4.1.60.Final/netty-transport-native-kqueue-4.1.60.Final-osx-x86_64.jar:/Users/menashbouhadana/.m2/repository/org/reactivestreams/reactive-streams/1.0.3/reactive-streams-1.0.3.jar:/Users/menashbouhadana/.m2/repository/com/typesafe/netty/netty-reactive-streams/2.0.4/netty-reactive-streams-2.0.4.jar:/Users/menashbouhadana/.m2/repository/com/sun/activation/jakarta.activation/1.2.2/jakarta.activation-1.2.2.jar:/Users/menashbouhadana/.m2/repository/org/seleniumhq/selenium/selenium-http/4.4.0/selenium-http-4.4.0.jar:/Users/menashbouhadana/.m2/repository/dev/failsafe/failsafe/3.2.4/failsafe-3.2.4.jar:/Users/menashbouhadana/.m2/repository/org/seleniumhq/selenium/selenium-safari-driver/4.4.0/selenium-safari-driver-4.4.0.jar:/Users/menashbouhadana/.m2/repository/org/seleniumhq/selenium/selenium-support/4.4.0/selenium-support-4.4.0.jar:/Users/menashbouhadana/.m2/repository/io/github/bonigarcia/webdrivermanager/5.2.3/webdrivermanager-5.2.3.jar:/Users/menashbouhadana/.m2/repository/com/google/code/gson/gson/2.9.1/gson-2.9.1.jar:/Users/menashbouhadana/.m2/repository/com/github/docker-java/docker-java/3.2.13/docker-java-3.2.13.jar:/Users/menashbouhadana/.m2/repository/com/github/docker-java/docker-java-core/3.2.13/docker-java-core-3.2.13.jar:/Users/menashbouhadana/.m2/repository/com/github/docker-java/docker-java-api/3.2.13/docker-java-api-3.2.13.jar:/Users/menashbouhadana/.m2/repository/org/bouncycastle/bcpkix-jdk15on/1.64/bcpkix-jdk15on-1.64.jar:/Users/menashbouhadana/.m2/repository/org/bouncycastle/bcprov-jdk15on/1.64/bcprov-jdk15on-1.64.jar:/Users/menashbouhadana/.m2/repository/org/slf4j/jcl-over-slf4j/1.7.30/jcl-over-slf4j-1.7.30.jar:/Users/menashbouhadana/.m2/repository/com/github/docker-java/docker-java-transport-httpclient5/3.2.13/docker-java-transport-httpclient5-3.2.13.jar:/Users/menashbouhadana/.m2/repository/com/github/docker-java/docker-java-transport/3.2.13/docker-java-transport-3.2.13.jar:/Users/menashbouhadana/.m2/repository/net/java/dev/jna/jna/5.8.0/jna-5.8.0.jar:/Users/menashbouhadana/.m2/repository/org/brotli/dec/0.1.2/dec-0.1.2.jar:/Users/menashbouhadana/.m2/repository/org/apache/commons/commons-lang3/3.12.0/commons-lang3-3.12.0.jar:/Users/menashbouhadana/.m2/repository/org/apache/httpcomponents/client5/httpclient5/5.1.3/httpclient5-5.1.3.jar:/Users/menashbouhadana/.m2/repository/org/apache/httpcomponents/core5/httpcore5/5.1.3/httpcore5-5.1.3.jar:/Users/menashbouhadana/.m2/repository/org/apache/httpcomponents/core5/httpcore5-h2/5.1.3/httpcore5-h2-5.1.3.jar:/Users/menashbouhadana/.m2/repository/org/apache/logging/log4j/log4j-api/2.18.0/log4j-api-2.18.0.jar:/Users/menashbouhadana/.m2/repository/org/apache/logging/log4j/log4j-core/2.18.0/log4j-core-2.18.0.jar:/Users/menashbouhadana/.m2/repository/org/apache/logging/log4j/log4j-slf4j-impl/2.18.0/log4j-slf4j-impl-2.18.0.jar:/Users/menashbouhadana/.m2/repository/org/apache/poi/poi/5.2.2/poi-5.2.2.jar:/Users/menashbouhadana/.m2/repository/commons-codec/commons-codec/1.15/commons-codec-1.15.jar:/Users/menashbouhadana/.m2/repository/org/apache/commons/commons-collections4/4.4/commons-collections4-4.4.jar:/Users/menashbouhadana/.m2/repository/org/apache/commons/commons-math3/3.6.1/commons-math3-3.6.1.jar:/Users/menashbouhadana/.m2/repository/commons-io/commons-io/2.11.0/commons-io-2.11.0.jar:/Users/menashbouhadana/.m2/repository/com/zaxxer/SparseBitSet/1.2/SparseBitSet-1.2.jar:/Users/menashbouhadana/.m2/repository/org/apache/poi/poi-ooxml/5.2.2/poi-ooxml-5.2.2.jar:/Users/menashbouhadana/.m2/repository/org/apache/poi/poi-ooxml-lite/5.2.2/poi-ooxml-lite-5.2.2.jar:/Users/menashbouhadana/.m2/repository/org/apache/xmlbeans/xmlbeans/5.0.3/xmlbeans-5.0.3.jar:/Users/menashbouhadana/.m2/repository/org/apache/commons/commons-compress/1.21/commons-compress-1.21.jar:/Users/menashbouhadana/.m2/repository/com/github/virtuald/curvesapi/1.07/curvesapi-1.07.jar:/Users/menashbouhadana/.m2/repository/io/qameta/allure/allure-testng/2.19.0/allure-testng-2.19.0.jar:/Users/menashbouhadana/.m2/repository/io/qameta/allure/allure-java-commons/2.19.0/allure-java-commons-2.19.0.jar:/Users/menashbouhadana/.m2/repository/io/qameta/allure/allure-model/2.19.0/allure-model-2.19.0.jar:/Users/menashbouhadana/.m2/repository/io/qameta/allure/allure-test-filter/2.19.0/allure-test-filter-2.19.0.jar:/Users/menashbouhadana/.m2/repository/com/opencsv/opencsv/5.6/opencsv-5.6.jar:/Users/menashbouhadana/.m2/repository/org/apache/commons/commons-text/1.9/commons-text-1.9.jar:/Users/menashbouhadana/.m2/repository/commons-beanutils/commons-beanutils/1.9.4/commons-beanutils-1.9.4.jar:/Users/menashbouhadana/.m2/repository/commons-logging/commons-logging/1.2/commons-logging-1.2.jar:/Users/menashbouhadana/.m2/repository/commons-collections/commons-collections/3.2.2/commons-collections-3.2.2.jar:/Users/menashbouhadana/.m2/repository/io/qameta/allure/allure-maven/2.11.2/allure-maven-2.11.2.jar:/Users/menashbouhadana/.m2/repository/org/apache/httpcomponents/httpclient/4.5.13/httpclient-4.5.13.jar:/Users/menashbouhadana/.m2/repository/org/apache/httpcomponents/httpcore/4.4.13/httpcore-4.4.13.jar:/Users/menashbouhadana/.m2/repository/com/fasterxml/jackson/core/jackson-databind/2.13.0/jackson-databind-2.13.0.jar:/Users/menashbouhadana/.m2/repository/com/fasterxml/jackson/core/jackson-annotations/2.13.0/jackson-annotations-2.13.0.jar:/Users/menashbouhadana/.m2/repository/com/fasterxml/jackson/core/jackson-core/2.13.0/jackson-core-2.13.0.jar:/Users/menashbouhadana/.m2/repository/org/apache/maven/maven-plugin-api/3.8.3/maven-plugin-api-3.8.3.jar:/Users/menashbouhadana/.m2/repository/org/codehaus/plexus/plexus-utils/3.3.0/plexus-utils-3.3.0.jar:/Users/menashbouhadana/.m2/repository/org/codehaus/plexus/plexus-classworlds/2.6.0/plexus-classworlds-2.6.0.jar:/Users/menashbouhadana/.m2/repository/org/apache/maven/maven-core/3.8.3/maven-core-3.8.3.jar:/Users/menashbouhadana/.m2/repository/org/apache/maven/maven-model/3.8.3/maven-model-3.8.3.jar:/Users/menashbouhadana/.m2/repository/org/apache/maven/maven-settings/3.8.3/maven-settings-3.8.3.jar:/Users/menashbouhadana/.m2/repository/org/apache/maven/maven-settings-builder/3.8.3/maven-settings-builder-3.8.3.jar:/Users/menashbouhadana/.m2/repository/org/codehaus/plexus/plexus-sec-dispatcher/2.0/plexus-sec-dispatcher-2.0.jar:/Users/menashbouhadana/.m2/repository/org/codehaus/plexus/plexus-cipher/2.0/plexus-cipher-2.0.jar:/Users/menashbouhadana/.m2/repository/org/apache/maven/maven-builder-support/3.8.3/maven-builder-support-3.8.3.jar:/Users/menashbouhadana/.m2/repository/org/apache/maven/maven-repository-metadata/3.8.3/maven-repository-metadata-3.8.3.jar:/Users/menashbouhadana/.m2/repository/org/apache/maven/maven-artifact/3.8.3/maven-artifact-3.8.3.jar:/Users/menashbouhadana/.m2/repository/org/apache/maven/maven-model-builder/3.8.3/maven-model-builder-3.8.3.jar:/Users/menashbouhadana/.m2/repository/org/apache/maven/maven-resolver-provider/3.8.3/maven-resolver-provider-3.8.3.jar:/Users/menashbouhadana/.m2/repository/org/apache/maven/resolver/maven-resolver-impl/1.6.3/maven-resolver-impl-1.6.3.jar:/Users/menashbouhadana/.m2/repository/org/apache/maven/resolver/maven-resolver-api/1.6.3/maven-resolver-api-1.6.3.jar:/Users/menashbouhadana/.m2/repository/org/apache/maven/resolver/maven-resolver-spi/1.6.3/maven-resolver-spi-1.6.3.jar:/Users/menashbouhadana/.m2/repository/org/apache/maven/resolver/maven-resolver-util/1.6.3/maven-resolver-util-1.6.3.jar:/Users/menashbouhadana/.m2/repository/org/apache/maven/shared/maven-shared-utils/3.3.4/maven-shared-utils-3.3.4.jar:/Users/menashbouhadana/.m2/repository/org/eclipse/sisu/org.eclipse.sisu.plexus/0.3.5/org.eclipse.sisu.plexus-0.3.5.jar:/Users/menashbouhadana/.m2/repository/javax/annotation/javax.annotation-api/1.2/javax.annotation-api-1.2.jar:/Users/menashbouhadana/.m2/repository/org/eclipse/sisu/org.eclipse.sisu.inject/0.3.5/org.eclipse.sisu.inject-0.3.5.jar:/Users/menashbouhadana/.m2/repository/com/google/inject/guice/4.2.2/guice-4.2.2-no_aop.jar:/Users/menashbouhadana/.m2/repository/aopalliance/aopalliance/1.0/aopalliance-1.0.jar:/Users/menashbouhadana/.m2/repository/javax/inject/javax.inject/1/javax.inject-1.jar:/Users/menashbouhadana/.m2/repository/org/codehaus/plexus/plexus-interpolation/1.26/plexus-interpolation-1.26.jar:/Users/menashbouhadana/.m2/repository/org/codehaus/plexus/plexus-component-annotations/2.1.0/plexus-component-annotations-2.1.0.jar:/Users/menashbouhadana/.m2/repository/org/apache/maven/reporting/maven-reporting-impl/3.0.0/maven-reporting-impl-3.0.0.jar:/Users/menashbouhadana/.m2/repository/org/apache/maven/reporting/maven-reporting-api/3.0/maven-reporting-api-3.0.jar:/Users/menashbouhadana/.m2/repository/org/apache/maven/doxia/doxia-sink-api/1.7/doxia-sink-api-1.7.jar:/Users/menashbouhadana/.m2/repository/org/apache/maven/doxia/doxia-logging-api/1.7/doxia-logging-api-1.7.jar:/Users/menashbouhadana/.m2/repository/org/apache/maven/doxia/doxia-decoration-model/1.7.4/doxia-decoration-model-1.7.4.jar:/Users/menashbouhadana/.m2/repository/org/apache/maven/doxia/doxia-core/1.7/doxia-core-1.7.jar:/Users/menashbouhadana/.m2/repository/org/codehaus/plexus/plexus-container-default/1.0-alpha-30/plexus-container-default-1.0-alpha-30.jar:/Users/menashbouhadana/.m2/repository/commons-lang/commons-lang/2.4/commons-lang-2.4.jar:/Users/menashbouhadana/.m2/repository/xmlunit/xmlunit/1.5/xmlunit-1.5.jar:/Users/menashbouhadana/.m2/repository/org/apache/maven/doxia/doxia-site-renderer/1.7.4/doxia-site-renderer-1.7.4.jar:/Users/menashbouhadana/.m2/repository/org/apache/maven/doxia/doxia-skin-model/1.7.4/doxia-skin-model-1.7.4.jar:/Users/menashbouhadana/.m2/repository/org/apache/maven/doxia/doxia-module-xhtml/1.7/doxia-module-xhtml-1.7.jar:/Users/menashbouhadana/.m2/repository/org/codehaus/plexus/plexus-i18n/1.0-beta-7/plexus-i18n-1.0-beta-7.jar:/Users/menashbouhadana/.m2/repository/org/codehaus/plexus/plexus-velocity/1.2/plexus-velocity-1.2.jar:/Users/menashbouhadana/.m2/repository/org/apache/velocity/velocity/1.7/velocity-1.7.jar:/Users/menashbouhadana/.m2/repository/org/apache/velocity/velocity-tools/2.0/velocity-tools-2.0.jar:/Users/menashbouhadana/.m2/repository/commons-digester/commons-digester/1.8/commons-digester-1.8.jar:/Users/menashbouhadana/.m2/repository/commons-chain/commons-chain/1.1/commons-chain-1.1.jar:/Users/menashbouhadana/.m2/repository/commons-validator/commons-validator/1.3.1/commons-validator-1.3.1.jar:/Users/menashbouhadana/.m2/repository/dom4j/dom4j/1.1/dom4j-1.1.jar:/Users/menashbouhadana/.m2/repository/oro/oro/2.0.8/oro-2.0.8.jar:/Users/menashbouhadana/.m2/repository/sslext/sslext/1.2-0/sslext-1.2-0.jar:/Users/menashbouhadana/.m2/repository/org/apache/struts/struts-core/1.3.8/struts-core-1.3.8.jar:/Users/menashbouhadana/.m2/repository/antlr/antlr/2.7.2/antlr-2.7.2.jar:/Users/menashbouhadana/.m2/repository/org/apache/struts/struts-taglib/1.3.8/struts-taglib-1.3.8.jar:/Users/menashbouhadana/.m2/repository/org/apache/struts/struts-tiles/1.3.8/struts-tiles-1.3.8.jar:/Users/menashbouhadana/.m2/repository/org/apache/maven/shared/maven-artifact-transfer/0.13.1/maven-artifact-transfer-0.13.1.jar:/Users/menashbouhadana/.m2/repository/org/apache/maven/shared/maven-common-artifact-filters/3.1.0/maven-common-artifact-filters-3.1.0.jar:/Users/menashbouhadana/.m2/repository/org/sonatype/sisu/sisu-inject-plexus/1.4.2/sisu-inject-plexus-1.4.2.jar:/Users/menashbouhadana/.m2/repository/org/sonatype/sisu/sisu-inject-bean/1.4.2/sisu-inject-bean-1.4.2.jar:/Users/menashbouhadana/.m2/repository/org/sonatype/sisu/sisu-guice/2.1.7/sisu-guice-2.1.7-noaop.jar:/Users/menashbouhadana/.m2/repository/net/lingala/zip4j/zip4j/1.3.2/zip4j-1.3.2.jar:/Users/menashbouhadana/.m2/repository/org/apache/commons/commons-exec/1.3/commons-exec-1.3.jar:/Users/menashbouhadana/.m2/repository/org/apache/maven/plugin-tools/maven-plugin-annotations/3.6.1/maven-plugin-annotations-3.6.1.jar:/Users/menashbouhadana/.m2/repository/org/apache/maven/plugins/maven-jxr-plugin/3.1.1/maven-jxr-plugin-3.1.1.jar:/Users/menashbouhadana/.m2/repository/org/apache/maven/maven-jxr/3.1.1/maven-jxr-3.1.1.jar:/Users/menashbouhadana/.m2/repository/org/apache/velocity/velocity-engine-core/2.0/velocity-engine-core-2.0.jar:/Users/menashbouhadana/.m2/repository/org/apache/maven/wagon/wagon-provider-api/2.4/wagon-provider-api-2.4.jar:/Users/menashbouhadana/.m2/repository/org/codehaus/plexus/plexus-java/1.0.6/plexus-java-1.0.6.jar:/Users/menashbouhadana/.m2/repository/org/ow2/asm/asm/9.0/asm-9.0.jar:/Users/menashbouhadana/.m2/repository/com/thoughtworks/qdox/qdox/2.0.0/qdox-2.0.0.jar:/Users/menashbouhadana/.m2/repository/io/qameta/allure/allure-junit4/2.13.1/allure-junit4-2.13.1.jar:/Users/menashbouhadana/.m2/repository/org/aspectj/aspectjweaver/1.9.9.1/aspectjweaver-1.9.9.1.jar:/Users/menashbouhadana/.m2/repository/org/apache/maven/surefire/surefire-testng/2.22.1/surefire-testng-2.22.1.jar:/Users/menashbouhadana/.m2/repository/org/apache/maven/surefire/common-java5/2.22.1/common-java5-2.22.1.jar:/Users/menashbouhadana/.m2/repository/org/apache/maven/surefire/surefire-testng-utils/2.22.1/surefire-testng-utils-2.22.1.jar:/Users/menashbouhadana/.m2/repository/org/apache/maven/surefire/surefire-grouper/2.22.1/surefire-grouper-2.22.1.jar"/>
    <property name="java.vm.vendor" value="Homebrew"/>
    <property name="sun.arch.data.model" value="64"/>
    <property name="java.vendor.url" value="https://github.com/Homebrew/homebrew-core/issues"/>
    <property name="os.name" value="Mac OS X"/>
    <property name="java.vm.specification.version" value="18"/>
    <property name="sun.java.launcher" value="SUN_STANDARD"/>
    <property name="user.country" value="IL"/>
    <property name="sun.boot.library.path" value="/opt/homebrew/Cellar/openjdk/18.0.2.1/libexec/openjdk.jdk/Contents/Home/lib"/>
    <property name="sun.java.command" value="org.apache.maven.surefire.booter.ForkedBooter /Users/menashbouhadana/IdeaProjects/BaseForProjectGmar/target/surefire 2022-08-29T15-00-13_688-jvmRun1 surefire9720478683974042843tmp surefire_04369427079631124800tmp"/>
    <property name="http.nonProxyHosts" value="local|*.local|169.254/16|*.169.254/16"/>
    <property name="jdk.debug" value="release"/>
    <property name="surefire.test.class.path" value="/Users/menashbouhadana/IdeaProjects/BaseForProjectGmar/target/test-classes:/Users/menashbouhadana/IdeaProjects/BaseForProjectGmar/target/classes:/Users/menashbouhadana/.m2/repository/junit/junit/4.13.2/junit-4.13.2.jar:/Users/menashbouhadana/.m2/repository/org/hamcrest/hamcrest-core/1.3/hamcrest-core-1.3.jar:/Users/menashbouhadana/.m2/repository/org/testng/testng/7.6.1/testng-7.6.1.jar:/Users/menashbouhadana/.m2/repository/com/google/code/findbugs/jsr305/3.0.2/jsr305-3.0.2.jar:/Users/menashbouhadana/.m2/repository/org/slf4j/slf4j-api/1.7.36/slf4j-api-1.7.36.jar:/Users/menashbouhadana/.m2/repository/com/beust/jcommander/1.82/jcommander-1.82.jar:/Users/menashbouhadana/.m2/repository/org/webjars/jquery/3.6.0/jquery-3.6.0.jar:/Users/menashbouhadana/.m2/repository/org/seleniumhq/selenium/selenium-java/4.4.0/selenium-java-4.4.0.jar:/Users/menashbouhadana/.m2/repository/org/seleniumhq/selenium/selenium-api/4.4.0/selenium-api-4.4.0.jar:/Users/menashbouhadana/.m2/repository/org/seleniumhq/selenium/selenium-chrome-driver/4.4.0/selenium-chrome-driver-4.4.0.jar:/Users/menashbouhadana/.m2/repository/com/google/auto/service/auto-service-annotations/1.0.1/auto-service-annotations-1.0.1.jar:/Users/menashbouhadana/.m2/repository/com/google/auto/service/auto-service/1.0.1/auto-service-1.0.1.jar:/Users/menashbouhadana/.m2/repository/com/google/auto/auto-common/1.2/auto-common-1.2.jar:/Users/menashbouhadana/.m2/repository/com/google/guava/guava/31.1-jre/guava-31.1-jre.jar:/Users/menashbouhadana/.m2/repository/com/google/guava/failureaccess/1.0.1/failureaccess-1.0.1.jar:/Users/menashbouhadana/.m2/repository/com/google/guava/listenablefuture/9999.0-empty-to-avoid-conflict-with-guava/listenablefuture-9999.0-empty-to-avoid-conflict-with-guava.jar:/Users/menashbouhadana/.m2/repository/org/checkerframework/checker-qual/3.12.0/checker-qual-3.12.0.jar:/Users/menashbouhadana/.m2/repository/com/google/errorprone/error_prone_annotations/2.11.0/error_prone_annotations-2.11.0.jar:/Users/menashbouhadana/.m2/repository/com/google/j2objc/j2objc-annotations/1.3/j2objc-annotations-1.3.jar:/Users/menashbouhadana/.m2/repository/org/seleniumhq/selenium/selenium-chromium-driver/4.4.0/selenium-chromium-driver-4.4.0.jar:/Users/menashbouhadana/.m2/repository/org/seleniumhq/selenium/selenium-json/4.4.0/selenium-json-4.4.0.jar:/Users/menashbouhadana/.m2/repository/org/seleniumhq/selenium/selenium-devtools-v102/4.4.0/selenium-devtools-v102-4.4.0.jar:/Users/menashbouhadana/.m2/repository/org/seleniumhq/selenium/selenium-devtools-v103/4.4.0/selenium-devtools-v103-4.4.0.jar:/Users/menashbouhadana/.m2/repository/org/seleniumhq/selenium/selenium-devtools-v104/4.4.0/selenium-devtools-v104-4.4.0.jar:/Users/menashbouhadana/.m2/repository/org/seleniumhq/selenium/selenium-devtools-v85/4.4.0/selenium-devtools-v85-4.4.0.jar:/Users/menashbouhadana/.m2/repository/org/seleniumhq/selenium/selenium-edge-driver/4.4.0/selenium-edge-driver-4.4.0.jar:/Users/menashbouhadana/.m2/repository/org/seleniumhq/selenium/selenium-firefox-driver/4.4.0/selenium-firefox-driver-4.4.0.jar:/Users/menashbouhadana/.m2/repository/org/seleniumhq/selenium/selenium-ie-driver/4.4.0/selenium-ie-driver-4.4.0.jar:/Users/menashbouhadana/.m2/repository/org/seleniumhq/selenium/selenium-opera-driver/4.4.0/selenium-opera-driver-4.4.0.jar:/Users/menashbouhadana/.m2/repository/org/seleniumhq/selenium/selenium-remote-driver/4.4.0/selenium-remote-driver-4.4.0.jar:/Users/menashbouhadana/.m2/repository/io/netty/netty-buffer/4.1.78.Final/netty-buffer-4.1.78.Final.jar:/Users/menashbouhadana/.m2/repository/io/netty/netty-codec-http/4.1.78.Final/netty-codec-http-4.1.78.Final.jar:/Users/menashbouhadana/.m2/repository/io/netty/netty-codec/4.1.78.Final/netty-codec-4.1.78.Final.jar:/Users/menashbouhadana/.m2/repository/io/netty/netty-handler/4.1.78.Final/netty-handler-4.1.78.Final.jar:/Users/menashbouhadana/.m2/repository/io/netty/netty-common/4.1.78.Final/netty-common-4.1.78.Final.jar:/Users/menashbouhadana/.m2/repository/io/netty/netty-transport-classes-epoll/4.1.78.Final/netty-transport-classes-epoll-4.1.78.Final.jar:/Users/menashbouhadana/.m2/repository/io/netty/netty-transport-classes-kqueue/4.1.78.Final/netty-transport-classes-kqueue-4.1.78.Final.jar:/Users/menashbouhadana/.m2/repository/io/netty/netty-transport-native-epoll/4.1.78.Final/netty-transport-native-epoll-4.1.78.Final.jar:/Users/menashbouhadana/.m2/repository/io/netty/netty-transport-native-kqueue/4.1.78.Final/netty-transport-native-kqueue-4.1.78.Final.jar:/Users/menashbouhadana/.m2/repository/io/netty/netty-transport-native-unix-common/4.1.78.Final/netty-transport-native-unix-common-4.1.78.Final.jar:/Users/menashbouhadana/.m2/repository/io/netty/netty-transport/4.1.78.Final/netty-transport-4.1.78.Final.jar:/Users/menashbouhadana/.m2/repository/io/netty/netty-resolver/4.1.78.Final/netty-resolver-4.1.78.Final.jar:/Users/menashbouhadana/.m2/repository/io/opentelemetry/opentelemetry-api/1.16.0/opentelemetry-api-1.16.0.jar:/Users/menashbouhadana/.m2/repository/io/opentelemetry/opentelemetry-context/1.16.0/opentelemetry-context-1.16.0.jar:/Users/menashbouhadana/.m2/repository/io/opentelemetry/opentelemetry-exporter-logging/1.16.0/opentelemetry-exporter-logging-1.16.0.jar:/Users/menashbouhadana/.m2/repository/io/opentelemetry/opentelemetry-sdk-metrics/1.16.0/opentelemetry-sdk-metrics-1.16.0.jar:/Users/menashbouhadana/.m2/repository/io/opentelemetry/opentelemetry-sdk-logs/1.16.0-alpha/opentelemetry-sdk-logs-1.16.0-alpha.jar:/Users/menashbouhadana/.m2/repository/io/opentelemetry/opentelemetry-sdk-common/1.16.0/opentelemetry-sdk-common-1.16.0.jar:/Users/menashbouhadana/.m2/repository/io/opentelemetry/opentelemetry-sdk-extension-autoconfigure-spi/1.16.0/opentelemetry-sdk-extension-autoconfigure-spi-1.16.0.jar:/Users/menashbouhadana/.m2/repository/io/opentelemetry/opentelemetry-sdk-extension-autoconfigure/1.16.0-alpha/opentelemetry-sdk-extension-autoconfigure-1.16.0-alpha.jar:/Users/menashbouhadana/.m2/repository/io/opentelemetry/opentelemetry-sdk-trace/1.16.0/opentelemetry-sdk-trace-1.16.0.jar:/Users/menashbouhadana/.m2/repository/io/opentelemetry/opentelemetry-sdk/1.16.0/opentelemetry-sdk-1.16.0.jar:/Users/menashbouhadana/.m2/repository/io/opentelemetry/opentelemetry-semconv/1.16.0-alpha/opentelemetry-semconv-1.16.0-alpha.jar:/Users/menashbouhadana/.m2/repository/io/ous/jtoml/2.0.0/jtoml-2.0.0.jar:/Users/menashbouhadana/.m2/repository/net/bytebuddy/byte-buddy/1.12.10/byte-buddy-1.12.10.jar:/Users/menashbouhadana/.m2/repository/org/asynchttpclient/async-http-client/2.12.3/async-http-client-2.12.3.jar:/Users/menashbouhadana/.m2/repository/org/asynchttpclient/async-http-client-netty-utils/2.12.3/async-http-client-netty-utils-2.12.3.jar:/Users/menashbouhadana/.m2/repository/io/netty/netty-codec-socks/4.1.60.Final/netty-codec-socks-4.1.60.Final.jar:/Users/menashbouhadana/.m2/repository/io/netty/netty-handler-proxy/4.1.60.Final/netty-handler-proxy-4.1.60.Final.jar:/Users/menashbouhadana/.m2/repository/io/netty/netty-transport-native-epoll/4.1.60.Final/netty-transport-native-epoll-4.1.60.Final-linux-x86_64.jar:/Users/menashbouhadana/.m2/repository/io/netty/netty-transport-native-kqueue/4.1.60.Final/netty-transport-native-kqueue-4.1.60.Final-osx-x86_64.jar:/Users/menashbouhadana/.m2/repository/org/reactivestreams/reactive-streams/1.0.3/reactive-streams-1.0.3.jar:/Users/menashbouhadana/.m2/repository/com/typesafe/netty/netty-reactive-streams/2.0.4/netty-reactive-streams-2.0.4.jar:/Users/menashbouhadana/.m2/repository/com/sun/activation/jakarta.activation/1.2.2/jakarta.activation-1.2.2.jar:/Users/menashbouhadana/.m2/repository/org/seleniumhq/selenium/selenium-http/4.4.0/selenium-http-4.4.0.jar:/Users/menashbouhadana/.m2/repository/dev/failsafe/failsafe/3.2.4/failsafe-3.2.4.jar:/Users/menashbouhadana/.m2/repository/org/seleniumhq/selenium/selenium-safari-driver/4.4.0/selenium-safari-driver-4.4.0.jar:/Users/menashbouhadana/.m2/repository/org/seleniumhq/selenium/selenium-support/4.4.0/selenium-support-4.4.0.jar:/Users/menashbouhadana/.m2/repository/io/github/bonigarcia/webdrivermanager/5.2.3/webdrivermanager-5.2.3.jar:/Users/menashbouhadana/.m2/repository/com/google/code/gson/gson/2.9.1/gson-2.9.1.jar:/Users/menashbouhadana/.m2/repository/com/github/docker-java/docker-java/3.2.13/docker-java-3.2.13.jar:/Users/menashbouhadana/.m2/repository/com/github/docker-java/docker-java-core/3.2.13/docker-java-core-3.2.13.jar:/Users/menashbouhadana/.m2/repository/com/github/docker-java/docker-java-api/3.2.13/docker-java-api-3.2.13.jar:/Users/menashbouhadana/.m2/repository/org/bouncycastle/bcpkix-jdk15on/1.64/bcpkix-jdk15on-1.64.jar:/Users/menashbouhadana/.m2/repository/org/bouncycastle/bcprov-jdk15on/1.64/bcprov-jdk15on-1.64.jar:/Users/menashbouhadana/.m2/repository/org/slf4j/jcl-over-slf4j/1.7.30/jcl-over-slf4j-1.7.30.jar:/Users/menashbouhadana/.m2/repository/com/github/docker-java/docker-java-transport-httpclient5/3.2.13/docker-java-transport-httpclient5-3.2.13.jar:/Users/menashbouhadana/.m2/repository/com/github/docker-java/docker-java-transport/3.2.13/docker-java-transport-3.2.13.jar:/Users/menashbouhadana/.m2/repository/net/java/dev/jna/jna/5.8.0/jna-5.8.0.jar:/Users/menashbouhadana/.m2/repository/org/brotli/dec/0.1.2/dec-0.1.2.jar:/Users/menashbouhadana/.m2/repository/org/apache/commons/commons-lang3/3.12.0/commons-lang3-3.12.0.jar:/Users/menashbouhadana/.m2/repository/org/apache/httpcomponents/client5/httpclient5/5.1.3/httpclient5-5.1.3.jar:/Users/menashbouhadana/.m2/repository/org/apache/httpcomponents/core5/httpcore5/5.1.3/httpcore5-5.1.3.jar:/Users/menashbouhadana/.m2/repository/org/apache/httpcomponents/core5/httpcore5-h2/5.1.3/httpcore5-h2-5.1.3.jar:/Users/menashbouhadana/.m2/repository/org/apache/logging/log4j/log4j-api/2.18.0/log4j-api-2.18.0.jar:/Users/menashbouhadana/.m2/repository/org/apache/logging/log4j/log4j-core/2.18.0/log4j-core-2.18.0.jar:/Users/menashbouhadana/.m2/repository/org/apache/logging/log4j/log4j-slf4j-impl/2.18.0/log4j-slf4j-impl-2.18.0.jar:/Users/menashbouhadana/.m2/repository/org/apache/poi/poi/5.2.2/poi-5.2.2.jar:/Users/menashbouhadana/.m2/repository/commons-codec/commons-codec/1.15/commons-codec-1.15.jar:/Users/menashbouhadana/.m2/repository/org/apache/commons/commons-collections4/4.4/commons-collections4-4.4.jar:/Users/menashbouhadana/.m2/repository/org/apache/commons/commons-math3/3.6.1/commons-math3-3.6.1.jar:/Users/menashbouhadana/.m2/repository/commons-io/commons-io/2.11.0/commons-io-2.11.0.jar:/Users/menashbouhadana/.m2/repository/com/zaxxer/SparseBitSet/1.2/SparseBitSet-1.2.jar:/Users/menashbouhadana/.m2/repository/org/apache/poi/poi-ooxml/5.2.2/poi-ooxml-5.2.2.jar:/Users/menashbouhadana/.m2/repository/org/apache/poi/poi-ooxml-lite/5.2.2/poi-ooxml-lite-5.2.2.jar:/Users/menashbouhadana/.m2/repository/org/apache/xmlbeans/xmlbeans/5.0.3/xmlbeans-5.0.3.jar:/Users/menashbouhadana/.m2/repository/org/apache/commons/commons-compress/1.21/commons-compress-1.21.jar:/Users/menashbouhadana/.m2/repository/com/github/virtuald/curvesapi/1.07/curvesapi-1.07.jar:/Users/menashbouhadana/.m2/repository/io/qameta/allure/allure-testng/2.19.0/allure-testng-2.19.0.jar:/Users/menashbouhadana/.m2/repository/io/qameta/allure/allure-java-commons/2.19.0/allure-java-commons-2.19.0.jar:/Users/menashbouhadana/.m2/repository/io/qameta/allure/allure-model/2.19.0/allure-model-2.19.0.jar:/Users/menashbouhadana/.m2/repository/io/qameta/allure/allure-test-filter/2.19.0/allure-test-filter-2.19.0.jar:/Users/menashbouhadana/.m2/repository/com/opencsv/opencsv/5.6/opencsv-5.6.jar:/Users/menashbouhadana/.m2/repository/org/apache/commons/commons-text/1.9/commons-text-1.9.jar:/Users/menashbouhadana/.m2/repository/commons-beanutils/commons-beanutils/1.9.4/commons-beanutils-1.9.4.jar:/Users/menashbouhadana/.m2/repository/commons-logging/commons-logging/1.2/commons-logging-1.2.jar:/Users/menashbouhadana/.m2/repository/commons-collections/commons-collections/3.2.2/commons-collections-3.2.2.jar:/Users/menashbouhadana/.m2/repository/io/qameta/allure/allure-maven/2.11.2/allure-maven-2.11.2.jar:/Users/menashbouhadana/.m2/repository/org/apache/httpcomponents/httpclient/4.5.13/httpclient-4.5.13.jar:/Users/menashbouhadana/.m2/repository/org/apache/httpcomponents/httpcore/4.4.13/httpcore-4.4.13.jar:/Users/menashbouhadana/.m2/repository/com/fasterxml/jackson/core/jackson-databind/2.13.0/jackson-databind-2.13.0.jar:/Users/menashbouhadana/.m2/repository/com/fasterxml/jackson/core/jackson-annotations/2.13.0/jackson-annotations-2.13.0.jar:/Users/menashbouhadana/.m2/repository/com/fasterxml/jackson/core/jackson-core/2.13.0/jackson-core-2.13.0.jar:/Users/menashbouhadana/.m2/repository/org/apache/maven/maven-plugin-api/3.8.3/maven-plugin-api-3.8.3.jar:/Users/menashbouhadana/.m2/repository/org/codehaus/plexus/plexus-utils/3.3.0/plexus-utils-3.3.0.jar:/Users/menashbouhadana/.m2/repository/org/codehaus/plexus/plexus-classworlds/2.6.0/plexus-classworlds-2.6.0.jar:/Users/menashbouhadana/.m2/repository/org/apache/maven/maven-core/3.8.3/maven-core-3.8.3.jar:/Users/menashbouhadana/.m2/repository/org/apache/maven/maven-model/3.8.3/maven-model-3.8.3.jar:/Users/menashbouhadana/.m2/repository/org/apache/maven/maven-settings/3.8.3/maven-settings-3.8.3.jar:/Users/menashbouhadana/.m2/repository/org/apache/maven/maven-settings-builder/3.8.3/maven-settings-builder-3.8.3.jar:/Users/menashbouhadana/.m2/repository/org/codehaus/plexus/plexus-sec-dispatcher/2.0/plexus-sec-dispatcher-2.0.jar:/Users/menashbouhadana/.m2/repository/org/codehaus/plexus/plexus-cipher/2.0/plexus-cipher-2.0.jar:/Users/menashbouhadana/.m2/repository/org/apache/maven/maven-builder-support/3.8.3/maven-builder-support-3.8.3.jar:/Users/menashbouhadana/.m2/repository/org/apache/maven/maven-repository-metadata/3.8.3/maven-repository-metadata-3.8.3.jar:/Users/menashbouhadana/.m2/repository/org/apache/maven/maven-artifact/3.8.3/maven-artifact-3.8.3.jar:/Users/menashbouhadana/.m2/repository/org/apache/maven/maven-model-builder/3.8.3/maven-model-builder-3.8.3.jar:/Users/menashbouhadana/.m2/repository/org/apache/maven/maven-resolver-provider/3.8.3/maven-resolver-provider-3.8.3.jar:/Users/menashbouhadana/.m2/repository/org/apache/maven/resolver/maven-resolver-impl/1.6.3/maven-resolver-impl-1.6.3.jar:/Users/menashbouhadana/.m2/repository/org/apache/maven/resolver/maven-resolver-api/1.6.3/maven-resolver-api-1.6.3.jar:/Users/menashbouhadana/.m2/repository/org/apache/maven/resolver/maven-resolver-spi/1.6.3/maven-resolver-spi-1.6.3.jar:/Users/menashbouhadana/.m2/repository/org/apache/maven/resolver/maven-resolver-util/1.6.3/maven-resolver-util-1.6.3.jar:/Users/menashbouhadana/.m2/repository/org/apache/maven/shared/maven-shared-utils/3.3.4/maven-shared-utils-3.3.4.jar:/Users/menashbouhadana/.m2/repository/org/eclipse/sisu/org.eclipse.sisu.plexus/0.3.5/org.eclipse.sisu.plexus-0.3.5.jar:/Users/menashbouhadana/.m2/repository/javax/annotation/javax.annotation-api/1.2/javax.annotation-api-1.2.jar:/Users/menashbouhadana/.m2/repository/org/eclipse/sisu/org.eclipse.sisu.inject/0.3.5/org.eclipse.sisu.inject-0.3.5.jar:/Users/menashbouhadana/.m2/repository/com/google/inject/guice/4.2.2/guice-4.2.2-no_aop.jar:/Users/menashbouhadana/.m2/repository/aopalliance/aopalliance/1.0/aopalliance-1.0.jar:/Users/menashbouhadana/.m2/repository/javax/inject/javax.inject/1/javax.inject-1.jar:/Users/menashbouhadana/.m2/repository/org/codehaus/plexus/plexus-interpolation/1.26/plexus-interpolation-1.26.jar:/Users/menashbouhadana/.m2/repository/org/codehaus/plexus/plexus-component-annotations/2.1.0/plexus-component-annotations-2.1.0.jar:/Users/menashbouhadana/.m2/repository/org/apache/maven/reporting/maven-reporting-impl/3.0.0/maven-reporting-impl-3.0.0.jar:/Users/menashbouhadana/.m2/repository/org/apache/maven/reporting/maven-reporting-api/3.0/maven-reporting-api-3.0.jar:/Users/menashbouhadana/.m2/repository/org/apache/maven/doxia/doxia-sink-api/1.7/doxia-sink-api-1.7.jar:/Users/menashbouhadana/.m2/repository/org/apache/maven/doxia/doxia-logging-api/1.7/doxia-logging-api-1.7.jar:/Users/menashbouhadana/.m2/repository/org/apache/maven/doxia/doxia-decoration-model/1.7.4/doxia-decoration-model-1.7.4.jar:/Users/menashbouhadana/.m2/repository/org/apache/maven/doxia/doxia-core/1.7/doxia-core-1.7.jar:/Users/menashbouhadana/.m2/repository/org/codehaus/plexus/plexus-container-default/1.0-alpha-30/plexus-container-default-1.0-alpha-30.jar:/Users/menashbouhadana/.m2/repository/commons-lang/commons-lang/2.4/commons-lang-2.4.jar:/Users/menashbouhadana/.m2/repository/xmlunit/xmlunit/1.5/xmlunit-1.5.jar:/Users/menashbouhadana/.m2/repository/org/apache/maven/doxia/doxia-site-renderer/1.7.4/doxia-site-renderer-1.7.4.jar:/Users/menashbouhadana/.m2/repository/org/apache/maven/doxia/doxia-skin-model/1.7.4/doxia-skin-model-1.7.4.jar:/Users/menashbouhadana/.m2/repository/org/apache/maven/doxia/doxia-module-xhtml/1.7/doxia-module-xhtml-1.7.jar:/Users/menashbouhadana/.m2/repository/org/codehaus/plexus/plexus-i18n/1.0-beta-7/plexus-i18n-1.0-beta-7.jar:/Users/menashbouhadana/.m2/repository/org/codehaus/plexus/plexus-velocity/1.2/plexus-velocity-1.2.jar:/Users/menashbouhadana/.m2/repository/org/apache/velocity/velocity/1.7/velocity-1.7.jar:/Users/menashbouhadana/.m2/repository/org/apache/velocity/velocity-tools/2.0/velocity-tools-2.0.jar:/Users/menashbouhadana/.m2/repository/commons-digester/commons-digester/1.8/commons-digester-1.8.jar:/Users/menashbouhadana/.m2/repository/commons-chain/commons-chain/1.1/commons-chain-1.1.jar:/Users/menashbouhadana/.m2/repository/commons-validator/commons-validator/1.3.1/commons-validator-1.3.1.jar:/Users/menashbouhadana/.m2/repository/dom4j/dom4j/1.1/dom4j-1.1.jar:/Users/menashbouhadana/.m2/repository/oro/oro/2.0.8/oro-2.0.8.jar:/Users/menashbouhadana/.m2/repository/sslext/sslext/1.2-0/sslext-1.2-0.jar:/Users/menashbouhadana/.m2/repository/org/apache/struts/struts-core/1.3.8/struts-core-1.3.8.jar:/Users/menashbouhadana/.m2/repository/antlr/antlr/2.7.2/antlr-2.7.2.jar:/Users/menashbouhadana/.m2/repository/org/apache/struts/struts-taglib/1.3.8/struts-taglib-1.3.8.jar:/Users/menashbouhadana/.m2/repository/org/apache/struts/struts-tiles/1.3.8/struts-tiles-1.3.8.jar:/Users/menashbouhadana/.m2/repository/org/apache/maven/shared/maven-artifact-transfer/0.13.1/maven-artifact-transfer-0.13.1.jar:/Users/menashbouhadana/.m2/repository/org/apache/maven/shared/maven-common-artifact-filters/3.1.0/maven-common-artifact-filters-3.1.0.jar:/Users/menashbouhadana/.m2/repository/org/sonatype/sisu/sisu-inject-plexus/1.4.2/sisu-inject-plexus-1.4.2.jar:/Users/menashbouhadana/.m2/repository/org/sonatype/sisu/sisu-inject-bean/1.4.2/sisu-inject-bean-1.4.2.jar:/Users/menashbouhadana/.m2/repository/org/sonatype/sisu/sisu-guice/2.1.7/sisu-guice-2.1.7-noaop.jar:/Users/menashbouhadana/.m2/repository/net/lingala/zip4j/zip4j/1.3.2/zip4j-1.3.2.jar:/Users/menashbouhadana/.m2/repository/org/apache/commons/commons-exec/1.3/commons-exec-1.3.jar:/Users/menashbouhadana/.m2/repository/org/apache/maven/plugin-tools/maven-plugin-annotations/3.6.1/maven-plugin-annotations-3.6.1.jar:/Users/menashbouhadana/.m2/repository/org/apache/maven/plugins/maven-jxr-plugin/3.1.1/maven-jxr-plugin-3.1.1.jar:/Users/menashbouhadana/.m2/repository/org/apache/maven/maven-jxr/3.1.1/maven-jxr-3.1.1.jar:/Users/menashbouhadana/.m2/repository/org/apache/velocity/velocity-engine-core/2.0/velocity-engine-core-2.0.jar:/Users/menashbouhadana/.m2/repository/org/apache/maven/wagon/wagon-provider-api/2.4/wagon-provider-api-2.4.jar:/Users/menashbouhadana/.m2/repository/org/codehaus/plexus/plexus-java/1.0.6/plexus-java-1.0.6.jar:/Users/menashbouhadana/.m2/repository/org/ow2/asm/asm/9.0/asm-9.0.jar:/Users/menashbouhadana/.m2/repository/com/thoughtworks/qdox/qdox/2.0.0/qdox-2.0.0.jar:/Users/menashbouhadana/.m2/repository/io/qameta/allure/allure-junit4/2.13.1/allure-junit4-2.13.1.jar:/Users/menashbouhadana/.m2/repository/org/aspectj/aspectjweaver/1.9.9.1/aspectjweaver-1.9.9.1.jar:"/>
    <property name="allure.results.directory" value="/Users/menashbouhadana/IdeaProjects/BaseForProjectGmar/target/allure-results"/>
    <property name="sun.cpu.endian" value="little"/>
    <property name="user.home" value="/Users/menashbouhadana"/>
    <property name="user.language" value="en"/>
    <property name="java.specification.vendor" value="Oracle Corporation"/>
    <property name="java.version.date" value="2022-08-18"/>
    <property name="java.home" value="/opt/homebrew/Cellar/openjdk/18.0.2.1/libexec/openjdk.jdk/Contents/Home"/>
    <property name="file.separator" value="/"/>
    <property name="basedir" value="/Users/menashbouhadana/IdeaProjects/BaseForProjectGmar"/>
    <property name="java.vm.compressedOopsMode" value="Zero based"/>
    <property name="line.separator" value="&#10;"/>
    <property name="java.vm.specification.vendor" value="Oracle Corporation"/>
    <property name="java.specification.name" value="Java Platform API Specification"/>
    <property name="apple.awt.application.name" value="ForkedBooter"/>
    <property name="sun.management.compiler" value="HotSpot 64-Bit Tiered Compilers"/>
    <property name="ftp.nonProxyHosts" value="local|*.local|169.254/16|*.169.254/16"/>
    <property name="java.runtime.version" value="18.0.2.1+0"/>
    <property name="user.name" value="menashbouhadana"/>
    <property name="path.separator" value=":"/>
    <property name="os.version" value="12.5.1"/>
    <property name="java.runtime.name" value="OpenJDK Runtime Environment"/>
    <property name="file.encoding" value="UTF-8"/>
    <property name="java.vm.name" value="OpenJDK 64-Bit Server VM"/>
    <property name="java.vendor.version" value="Homebrew"/>
    <property name="localRepository" value="/Users/menashbouhadana/.m2/repository"/>
    <property name="java.vendor.url.bug" value="https://github.com/Homebrew/homebrew-core/issues"/>
    <property name="java.io.tmpdir" value="/var/folders/ty/34kjl6sn3v1byjfb7n5s28140000gn/T/"/>
    <property name="java.version" value="18.0.2.1"/>
    <property name="user.dir" value="/Users/menashbouhadana/IdeaProjects/BaseForProjectGmar"/>
    <property name="os.arch" value="aarch64"/>
    <property name="java.vm.specification.name" value="Java Virtual Machine Specification"/>
    <property name="native.encoding" value="US-ASCII"/>
    <property name="java.library.path" value="/Users/menashbouhadana/Library/Java/Extensions:/Library/Java/Extensions:/Network/Library/Java/Extensions:/System/Library/Java/Extensions:/usr/lib/java:."/>
    <property name="java.vm.info" value="mixed mode, sharing"/>
    <property name="java.vendor" value="Homebrew"/>
    <property name="java.vm.version" value="18.0.2.1+0"/>
    <property name="sun.io.unicode.encoding" value="UnicodeBig"/>
    <property name="socksNonProxyHosts" value="local|*.local|169.254/16|*.169.254/16"/>
    <property name="java.class.version" value="62.0"/>
  </properties>
  <testcase name="testCase1" classname="TestSuite.TestSuite" time="7.461"/>
  <testcase name="testCase2" classname="TestSuite.TestSuite" time="1.074"/>
  <testcase name="testCase3" classname="TestSuite.TestSuite" time="4.711"/>
  <testcase name="testCase4" classname="TestSuite.TestSuite" time="7.737"/>
  <testcase name="testCase5" classname="TestSuite.TestSuite" time="21.244"/>
  <testcase name="testCase6" classname="TestSuite.TestSuite" time="14.279"/>
</testsuite>