<?xml version="1.0" encoding="UTF-8"?>
<!-- Generated by org.testng.reporters.JUnitReportReporter -->
<testsuite hostname="Menashs-Mac-mini.local" failures="0" tests="6" name="TestSuite.TestSuite" time="56.463" errors="0" timestamp="2022-08-29T15:01:13 IDT" skipped="0">
  <testcase classname="TestSuite.TestSuite" name="testCase3" time="4.710"/>
  <system-out/>
  <testcase classname="TestSuite.TestSuite" name="testCase6" time="14.278"/>
  <system-out/>
  <testcase classname="TestSuite.TestSuite" name="testCase4" time="7.737"/>
  <system-out/>
  <testcase classname="TestSuite.TestSuite" name="testCase1" time="7.422"/>
  <system-out/>
  <testcase classname="TestSuite.TestSuite" name="testCase5" time="21.243"/>
  <system-out/>
  <testcase classname="TestSuite.TestSuite" name="testCase2" time="1.073"/>
  <system-out/>
</testsuite> <!-- TestSuite.TestSuite -->
